<?xml version="1.0" encoding="UTF-8"?>
<checkstyle version="6.11.2">
<file name="C:\Users\usuario\Desktop\3ยบ curso universidad\1er cuatrimestre\ISO-II\practica\repositorio\DreamTech\DreamTech\Principal\It3\src\main\java\Dominio\PayPal.java">
<error line="0" severity="error" message="Missing package-info.java file." source="com.puppycrawl.tools.checkstyle.checks.javadoc.JavadocPackageCheck"/>
<error line="1" column="9" severity="error" message="Name &apos;Dominio&apos; must match pattern &apos;^[a-z]+(\.[a-zA-Z_][a-zA-Z0-9_]*)*$&apos;." source="com.puppycrawl.tools.checkstyle.checks.naming.PackageNameCheck"/>
<error line="7" severity="error" message="Line has trailing spaces." source="com.puppycrawl.tools.checkstyle.checks.regexp.RegexpSinglelineCheck"/>
<error line="13" column="1" severity="error" message="File contains tab characters (this is the first instance)." source="com.puppycrawl.tools.checkstyle.checks.whitespace.FileTabCharacterCheck"/>
<error line="16" column="23" severity="error" message="Name &apos;id_cuenta&apos; must match pattern &apos;^[a-z][a-zA-Z0-9]*$&apos;." source="com.puppycrawl.tools.checkstyle.checks.naming.MemberNameCheck"/>
<error line="16" column="23" severity="error" message="Variable &apos;id_cuenta&apos; must be private and have accessor methods." source="com.puppycrawl.tools.checkstyle.checks.design.VisibilityModifierCheck"/>
<error line="20" column="26" severity="error" message="Variable &apos;usuario&apos; must be private and have accessor methods." source="com.puppycrawl.tools.checkstyle.checks.design.VisibilityModifierCheck"/>
<error line="24" column="26" severity="error" message="Variable &apos;saldo&apos; must be private and have accessor methods." source="com.puppycrawl.tools.checkstyle.checks.design.VisibilityModifierCheck"/>
<error line="28" column="31" severity="error" message="Variable &apos;gestorPagos&apos; must be private and have accessor methods." source="com.puppycrawl.tools.checkstyle.checks.design.VisibilityModifierCheck"/>
<error line="42" column="23" severity="error" message="Parameter ID should be final." source="com.puppycrawl.tools.checkstyle.checks.FinalParametersCheck"/>
<error line="42" column="27" severity="error" message="Name &apos;ID&apos; must match pattern &apos;^[a-z][a-zA-Z0-9]*$&apos;." source="com.puppycrawl.tools.checkstyle.checks.naming.ParameterNameCheck"/>
<error line="42" column="31" severity="error" message="Parameter Usuario should be final." source="com.puppycrawl.tools.checkstyle.checks.FinalParametersCheck"/>
<error line="42" column="38" severity="error" message="Name &apos;Usuario&apos; must match pattern &apos;^[a-z][a-zA-Z0-9]*$&apos;." source="com.puppycrawl.tools.checkstyle.checks.naming.ParameterNameCheck"/>
<error line="42" column="47" severity="error" message="Parameter Saldo should be final." source="com.puppycrawl.tools.checkstyle.checks.FinalParametersCheck"/>
<error line="42" column="54" severity="error" message="Name &apos;Saldo&apos; must match pattern &apos;^[a-z][a-zA-Z0-9]*$&apos;." source="com.puppycrawl.tools.checkstyle.checks.naming.ParameterNameCheck"/>
<error line="52" column="23" severity="error" message="Parameter ID should be final." source="com.puppycrawl.tools.checkstyle.checks.FinalParametersCheck"/>
<error line="52" column="27" severity="error" message="Name &apos;ID&apos; must match pattern &apos;^[a-z][a-zA-Z0-9]*$&apos;." source="com.puppycrawl.tools.checkstyle.checks.naming.ParameterNameCheck"/>
<error line="60" column="9" severity="error" message="Method &apos;getID&apos; is not designed for extension - needs to be abstract, final or empty." source="com.puppycrawl.tools.checkstyle.checks.design.DesignForExtensionCheck"/>
<error line="67" column="9" severity="error" message="Method &apos;setID&apos; is not designed for extension - needs to be abstract, final or empty." source="com.puppycrawl.tools.checkstyle.checks.design.DesignForExtensionCheck"/>
<error line="67" column="27" severity="error" message="Parameter iD should be final." source="com.puppycrawl.tools.checkstyle.checks.FinalParametersCheck"/>
<error line="74" column="9" severity="error" message="Method &apos;getUsuario&apos; is not designed for extension - needs to be abstract, final or empty." source="com.puppycrawl.tools.checkstyle.checks.design.DesignForExtensionCheck"/>
<error line="81" column="9" severity="error" message="Method &apos;setUsuario&apos; is not designed for extension - needs to be abstract, final or empty." source="com.puppycrawl.tools.checkstyle.checks.design.DesignForExtensionCheck"/>
<error line="81" column="32" severity="error" message="Parameter usuario should be final." source="com.puppycrawl.tools.checkstyle.checks.FinalParametersCheck"/>
<error line="81" column="39" severity="error" message="&apos;usuario&apos; hides a field." source="com.puppycrawl.tools.checkstyle.checks.coding.HiddenFieldCheck"/>
<error line="88" column="9" severity="error" message="Method &apos;getSaldo&apos; is not designed for extension - needs to be abstract, final or empty." source="com.puppycrawl.tools.checkstyle.checks.design.DesignForExtensionCheck"/>
<error line="95" column="9" severity="error" message="Method &apos;setSaldo&apos; is not designed for extension - needs to be abstract, final or empty." source="com.puppycrawl.tools.checkstyle.checks.design.DesignForExtensionCheck"/>
<error line="95" column="30" severity="error" message="Parameter saldo should be final." source="com.puppycrawl.tools.checkstyle.checks.FinalParametersCheck"/>
<error line="95" column="37" severity="error" message="&apos;saldo&apos; hides a field." source="com.puppycrawl.tools.checkstyle.checks.coding.HiddenFieldCheck"/>
<error line="102" column="9" severity="error" message="Method &apos;getGestorPagos&apos; is not designed for extension - needs to be abstract, final or empty." source="com.puppycrawl.tools.checkstyle.checks.design.DesignForExtensionCheck"/>
<error line="109" column="9" severity="error" message="Method &apos;setGestorPagos&apos; is not designed for extension - needs to be abstract, final or empty." source="com.puppycrawl.tools.checkstyle.checks.design.DesignForExtensionCheck"/>
<error line="109" column="36" severity="error" message="Parameter gestorPagos should be final." source="com.puppycrawl.tools.checkstyle.checks.FinalParametersCheck"/>
<error line="109" column="48" severity="error" message="&apos;gestorPagos&apos; hides a field." source="com.puppycrawl.tools.checkstyle.checks.coding.HiddenFieldCheck"/>
<error line="117" column="9" severity="error" message="Method &apos;leerpaypal&apos; is not designed for extension - needs to be abstract, final or empty." source="com.puppycrawl.tools.checkstyle.checks.design.DesignForExtensionCheck"/>
<error line="117" column="43" severity="error" message="Expected @throws tag for &apos;SQLException&apos;." source="com.puppycrawl.tools.checkstyle.checks.javadoc.JavadocMethodCheck"/>
<error line="125" column="9" severity="error" message="Method &apos;leerTodos&apos; is not designed for extension - needs to be abstract, final or empty." source="com.puppycrawl.tools.checkstyle.checks.design.DesignForExtensionCheck"/>
<error line="133" column="9" severity="error" message="Method &apos;insertar&apos; is not designed for extension - needs to be abstract, final or empty." source="com.puppycrawl.tools.checkstyle.checks.design.DesignForExtensionCheck"/>
</file>
<file name="C:\Users\usuario\Desktop\3ยบ curso universidad\1er cuatrimestre\ISO-II\practica\repositorio\DreamTech\DreamTech\Principal\It3\src\main\java\Persistencia\Agente.java">
<error line="0" severity="error" message="Missing package-info.java file." source="com.puppycrawl.tools.checkstyle.checks.javadoc.JavadocPackageCheck"/>
<error line="1" column="9" severity="error" message="Name &apos;Persistencia&apos; must match pattern &apos;^[a-z]+(\.[a-zA-Z_][a-zA-Z0-9_]*)*$&apos;." source="com.puppycrawl.tools.checkstyle.checks.naming.PackageNameCheck"/>
<error line="14" severity="error" message="Class Agente should be declared as final." source="com.puppycrawl.tools.checkstyle.checks.design.FinalClassCheck"/>
<error line="15" column="1" severity="error" message="File contains tab characters (this is the first instance)." source="com.puppycrawl.tools.checkstyle.checks.whitespace.FileTabCharacterCheck"/>
<error line="36" column="9" severity="error" message="Missing a Javadoc comment." source="com.puppycrawl.tools.checkstyle.checks.javadoc.JavadocMethodCheck"/>
<error line="38" severity="error" message="Line is longer than 80 characters (found 82)." source="com.puppycrawl.tools.checkstyle.checks.sizes.LineLengthCheck"/>
<error line="43" severity="error" message="Line is longer than 80 characters (found 82)." source="com.puppycrawl.tools.checkstyle.checks.sizes.LineLengthCheck"/>
<error line="51" column="9" severity="error" message="Missing a Javadoc comment." source="com.puppycrawl.tools.checkstyle.checks.javadoc.JavadocMethodCheck"/>
<error line="63" column="9" severity="error" message="Missing a Javadoc comment." source="com.puppycrawl.tools.checkstyle.checks.javadoc.JavadocMethodCheck"/>
<error line="66" severity="error" message="Line has trailing spaces." source="com.puppycrawl.tools.checkstyle.checks.regexp.RegexpSinglelineCheck"/>
<error line="71" column="9" severity="error" message="Missing a Javadoc comment." source="com.puppycrawl.tools.checkstyle.checks.javadoc.JavadocMethodCheck"/>
<error line="71" column="27" severity="error" message="Parameter sql should be final." source="com.puppycrawl.tools.checkstyle.checks.FinalParametersCheck"/>
<error line="73" severity="error" message="Line is longer than 80 characters (found 83)." source="com.puppycrawl.tools.checkstyle.checks.sizes.LineLengthCheck"/>
<error line="85" column="9" severity="error" message="Missing a Javadoc comment." source="com.puppycrawl.tools.checkstyle.checks.javadoc.JavadocMethodCheck"/>
<error line="85" column="31" severity="error" message="Parameter sql should be final." source="com.puppycrawl.tools.checkstyle.checks.FinalParametersCheck"/>
<error line="98" column="9" severity="error" message="Missing a Javadoc comment." source="com.puppycrawl.tools.checkstyle.checks.javadoc.JavadocMethodCheck"/>
<error line="98" column="27" severity="error" message="Parameter ps should be final." source="com.puppycrawl.tools.checkstyle.checks.FinalParametersCheck"/>
<error line="110" column="9" severity="error" message="Missing a Javadoc comment." source="com.puppycrawl.tools.checkstyle.checks.javadoc.JavadocMethodCheck"/>
<error line="110" column="27" severity="error" message="Parameter ps should be final." source="com.puppycrawl.tools.checkstyle.checks.FinalParametersCheck"/>
<error line="112" severity="error" message="Line is longer than 80 characters (found 82)." source="com.puppycrawl.tools.checkstyle.checks.sizes.LineLengthCheck"/>
<error line="121" column="9" severity="error" message="Missing a Javadoc comment." source="com.puppycrawl.tools.checkstyle.checks.javadoc.JavadocMethodCheck"/>
<error line="121" column="27" severity="error" message="Parameter sql should be final." source="com.puppycrawl.tools.checkstyle.checks.FinalParametersCheck"/>
<error line="123" severity="error" message="Line is longer than 80 characters (found 82)." source="com.puppycrawl.tools.checkstyle.checks.sizes.LineLengthCheck"/>
<error line="134" column="9" severity="error" message="Missing a Javadoc comment." source="com.puppycrawl.tools.checkstyle.checks.javadoc.JavadocMethodCheck"/>
<error line="134" column="27" severity="error" message="Parameter sql should be final." source="com.puppycrawl.tools.checkstyle.checks.FinalParametersCheck"/>
</file>
<file name="C:\Users\usuario\Desktop\3ยบ curso universidad\1er cuatrimestre\ISO-II\practica\repositorio\DreamTech\DreamTech\Principal\It3\src\main\java\Persistencia\GestorPagos.java">
<error line="0" severity="error" message="File does not end with a newline." source="com.puppycrawl.tools.checkstyle.checks.NewlineAtEndOfFileCheck"/>
<error line="1" column="9" severity="error" message="Name &apos;Persistencia&apos; must match pattern &apos;^[a-z]+(\.[a-zA-Z_][a-zA-Z0-9_]*)*$&apos;." source="com.puppycrawl.tools.checkstyle.checks.naming.PackageNameCheck"/>
<error line="11" severity="error" message="Line has trailing spaces." source="com.puppycrawl.tools.checkstyle.checks.regexp.RegexpSinglelineCheck"/>
<error line="17" column="1" severity="error" message="File contains tab characters (this is the first instance)." source="com.puppycrawl.tools.checkstyle.checks.whitespace.FileTabCharacterCheck"/>
<error line="33" severity="error" message="First sentence should end with a period." source="com.puppycrawl.tools.checkstyle.checks.javadoc.JavadocStyleCheck"/>
<error line="39" column="9" severity="error" message="Method &apos;read&apos; is not designed for extension - needs to be abstract, final or empty." source="com.puppycrawl.tools.checkstyle.checks.design.DesignForExtensionCheck"/>
<error line="39" column="28" severity="error" message="Parameter id_cuenta should be final." source="com.puppycrawl.tools.checkstyle.checks.FinalParametersCheck"/>
<error line="39" column="32" severity="error" message="Expected @param tag for &apos;id_cuenta&apos;." source="com.puppycrawl.tools.checkstyle.checks.javadoc.JavadocMethodCheck"/>
<error line="39" column="32" severity="error" message="Name &apos;id_cuenta&apos; must match pattern &apos;^[a-z][a-zA-Z0-9]*$&apos;." source="com.puppycrawl.tools.checkstyle.checks.naming.ParameterNameCheck"/>
<error line="40" severity="error" message="Line is longer than 80 characters (found 85)." source="com.puppycrawl.tools.checkstyle.checks.sizes.LineLengthCheck"/>
<error line="41" column="24" severity="error" message="Name &apos;Usuario&apos; must match pattern &apos;^[a-z][a-zA-Z0-9]*$&apos;." source="com.puppycrawl.tools.checkstyle.checks.naming.LocalVariableNameCheck"/>
<error line="42" column="24" severity="error" message="Name &apos;Saldo&apos; must match pattern &apos;^[a-z][a-zA-Z0-9]*$&apos;." source="com.puppycrawl.tools.checkstyle.checks.naming.LocalVariableNameCheck"/>
<error line="57" column="9" severity="error" message="Method &apos;readAll&apos; is not designed for extension - needs to be abstract, final or empty." source="com.puppycrawl.tools.checkstyle.checks.design.DesignForExtensionCheck"/>
<error line="59" column="21" severity="error" message="Name &apos;Id&apos; must match pattern &apos;^[a-z][a-zA-Z0-9]*$&apos;." source="com.puppycrawl.tools.checkstyle.checks.naming.LocalVariableNameCheck"/>
<error line="60" column="24" severity="error" message="Name &apos;Usuario&apos; must match pattern &apos;^[a-z][a-zA-Z0-9]*$&apos;." source="com.puppycrawl.tools.checkstyle.checks.naming.LocalVariableNameCheck"/>
<error line="61" column="24" severity="error" message="Name &apos;Saldo&apos; must match pattern &apos;^[a-z][a-zA-Z0-9]*$&apos;." source="com.puppycrawl.tools.checkstyle.checks.naming.LocalVariableNameCheck"/>
<error line="78" column="9" severity="error" message="Method &apos;insert&apos; is not designed for extension - needs to be abstract, final or empty." source="com.puppycrawl.tools.checkstyle.checks.design.DesignForExtensionCheck"/>
<error line="78" column="27" severity="error" message="Parameter paypal should be final." source="com.puppycrawl.tools.checkstyle.checks.FinalParametersCheck"/>
<error line="79" severity="error" message="Line is longer than 80 characters (found 83)." source="com.puppycrawl.tools.checkstyle.checks.sizes.LineLengthCheck"/>
<error line="80" severity="error" message="Line is longer than 80 characters (found 86)." source="com.puppycrawl.tools.checkstyle.checks.sizes.LineLengthCheck"/>
<error line="83" column="31" severity="error" message="&apos;3&apos; is a magic number." source="com.puppycrawl.tools.checkstyle.checks.coding.MagicNumberCheck"/>
<error line="93" column="9" severity="error" message="Method &apos;delete&apos; is not designed for extension - needs to be abstract, final or empty." source="com.puppycrawl.tools.checkstyle.checks.design.DesignForExtensionCheck"/>
<error line="93" column="27" severity="error" message="Parameter paypal should be final." source="com.puppycrawl.tools.checkstyle.checks.FinalParametersCheck"/>
<error line="94" severity="error" message="Line is longer than 80 characters (found 82)." source="com.puppycrawl.tools.checkstyle.checks.sizes.LineLengthCheck"/>
<error line="96" severity="error" message="Line is longer than 80 characters (found 124)." source="com.puppycrawl.tools.checkstyle.checks.sizes.LineLengthCheck"/>
</file>
</checkstyle>
